[ 10%] [34m[1mPerforming update step for 'dbow2_src'[0m
Current branch master is up to date.
[ 20%] [34m[1mPerforming configure step for 'dbow2_src'[0m
-- Configuring done
-- Generating done
-- Build files have been written to: /workspace/svo_ws/build/dbow2_catkin/dbow2_src-prefix/src/dbow2_src-build
[ 30%] [34m[1mPerforming build step for 'dbow2_src'[0m
make[3]: warning: jobserver unavailable: using -j1.  Add '+' to parent make rule.
[ 77%] Built target DBoW2
[100%] Built target demo
[ 40%] [34m[1mPerforming install step for 'dbow2_src'[0m
make[3]: warning: jobserver unavailable: using -j1.  Add '+' to parent make rule.
[ 77%] Built target DBoW2
[100%] Built target demo
[36mInstall the project...[0m
-- Install configuration: "Release"
-- Up-to-date: /workspace/svo_ws/devel/.private/dbow2_catkin/lib/libDBoW2.so
-- Up-to-date: /workspace/svo_ws/devel/.private/dbow2_catkin/include/DBoW2
-- Up-to-date: /workspace/svo_ws/devel/.private/dbow2_catkin/include/DBoW2/BowVector.h
-- Up-to-date: /workspace/svo_ws/devel/.private/dbow2_catkin/include/DBoW2/FORB.h
-- Up-to-date: /workspace/svo_ws/devel/.private/dbow2_catkin/include/DBoW2/FeatureVector.h
-- Up-to-date: /workspace/svo_ws/devel/.private/dbow2_catkin/include/DBoW2/FSurf64.h
-- Up-to-date: /workspace/svo_ws/devel/.private/dbow2_catkin/include/DBoW2/DBoW2.h
-- Up-to-date: /workspace/svo_ws/devel/.private/dbow2_catkin/include/DBoW2/TemplatedVocabulary.h
-- Up-to-date: /workspace/svo_ws/devel/.private/dbow2_catkin/include/DBoW2/ScoringObject.h
-- Up-to-date: /workspace/svo_ws/devel/.private/dbow2_catkin/include/DBoW2/QueryResults.h
-- Up-to-date: /workspace/svo_ws/devel/.private/dbow2_catkin/include/DBoW2/FClass.h
-- Up-to-date: /workspace/svo_ws/devel/.private/dbow2_catkin/include/DBoW2/FBrief.h
-- Up-to-date: /workspace/svo_ws/devel/.private/dbow2_catkin/include/DBoW2/TemplatedDatabase.h
-- Up-to-date: /workspace/svo_ws/devel/.private/dbow2_catkin/include/DBoW2/DBoW2Config.cmake
-- Up-to-date: /workspace/svo_ws/devel/.private/dbow2_catkin/lib/cmake/DBoW2/DBoW2Config.cmake
[ 50%] [34m[1mCompleted 'dbow2_src'[0m
[ 80%] Built target dbow2_src
[100%] Built target dbow2_catkin
