Symlinking /workspace/svo_ws/devel/share/ceres_catkin/cmake/ceres_catkinConfig.cmake
Symlinking /workspace/svo_ws/devel/share/ceres_catkin/cmake/ceres_catkinConfig-version.cmake
Symlinking /workspace/svo_ws/devel/lib/libceres.so.1
Symlinking /workspace/svo_ws/devel/lib/libceres.so.1.14.0
Symlinking /workspace/svo_ws/devel/lib/libceres.so
Symlinking /workspace/svo_ws/devel/lib/cmake/Ceres/FindEigen.cmake
Symlinking /workspace/svo_ws/devel/lib/cmake/Ceres/FindGlog.cmake
Symlinking /workspace/svo_ws/devel/lib/cmake/Ceres/CeresConfig.cmake
Symlinking /workspace/svo_ws/devel/lib/cmake/Ceres/CeresTargets-release.cmake
Symlinking /workspace/svo_ws/devel/lib/cmake/Ceres/CeresTargets.cmake
Symlinking /workspace/svo_ws/devel/lib/cmake/Ceres/CeresConfigVersion.cmake
Symlinking /workspace/svo_ws/devel/lib/cmake/Ceres/FindGflags.cmake
Symlinking /workspace/svo_ws/devel/lib/pkgconfig/ceres_catkin.pc
Symlinking /workspace/svo_ws/devel/include/ceres/covariance.h
Symlinking /workspace/svo_ws/devel/include/ceres/cubic_interpolation.h
Symlinking /workspace/svo_ws/devel/include/ceres/tiny_solver_autodiff_function.h
Symlinking /workspace/svo_ws/devel/include/ceres/evaluation_callback.h
Symlinking /workspace/svo_ws/devel/include/ceres/gradient_checker.h
Symlinking /workspace/svo_ws/devel/include/ceres/version.h
Symlinking /workspace/svo_ws/devel/include/ceres/gradient_problem_solver.h
Symlinking /workspace/svo_ws/devel/include/ceres/loss_function.h
Symlinking /workspace/svo_ws/devel/include/ceres/context.h
Symlinking /workspace/svo_ws/devel/include/ceres/types.h
Symlinking /workspace/svo_ws/devel/include/ceres/ordered_groups.h
Symlinking /workspace/svo_ws/devel/include/ceres/numeric_diff_options.h
Symlinking /workspace/svo_ws/devel/include/ceres/rotation.h
Symlinking /workspace/svo_ws/devel/include/ceres/tiny_solver_cost_function_adapter.h
Symlinking /workspace/svo_ws/devel/include/ceres/dynamic_numeric_diff_cost_function.h
Symlinking /workspace/svo_ws/devel/include/ceres/solver.h
Symlinking /workspace/svo_ws/devel/include/ceres/dynamic_autodiff_cost_function.h
Symlinking /workspace/svo_ws/devel/include/ceres/sized_cost_function.h
Symlinking /workspace/svo_ws/devel/include/ceres/jet.h
Symlinking /workspace/svo_ws/devel/include/ceres/numeric_diff_cost_function.h
Symlinking /workspace/svo_ws/devel/include/ceres/tiny_solver.h
Symlinking /workspace/svo_ws/devel/include/ceres/local_parameterization.h
Symlinking /workspace/svo_ws/devel/include/ceres/normal_prior.h
Symlinking /workspace/svo_ws/devel/include/ceres/fpclassify.h
Symlinking /workspace/svo_ws/devel/include/ceres/c_api.h
Symlinking /workspace/svo_ws/devel/include/ceres/ceres.h
Symlinking /workspace/svo_ws/devel/include/ceres/cost_function_to_functor.h
Symlinking /workspace/svo_ws/devel/include/ceres/iteration_callback.h
Symlinking /workspace/svo_ws/devel/include/ceres/problem.h
Symlinking /workspace/svo_ws/devel/include/ceres/dynamic_cost_function.h
Symlinking /workspace/svo_ws/devel/include/ceres/gradient_problem.h
Symlinking /workspace/svo_ws/devel/include/ceres/cost_function.h
Symlinking /workspace/svo_ws/devel/include/ceres/dynamic_cost_function_to_functor.h
Symlinking /workspace/svo_ws/devel/include/ceres/autodiff_cost_function.h
Symlinking /workspace/svo_ws/devel/include/ceres/crs_matrix.h
Symlinking /workspace/svo_ws/devel/include/ceres/autodiff_local_parameterization.h
Symlinking /workspace/svo_ws/devel/include/ceres/conditioned_cost_function.h
Symlinking /workspace/svo_ws/devel/include/ceres/internal/disable_warnings.h
Symlinking /workspace/svo_ws/devel/include/ceres/internal/variadic_evaluate.h
Symlinking /workspace/svo_ws/devel/include/ceres/internal/scoped_ptr.h
Symlinking /workspace/svo_ws/devel/include/ceres/internal/port.h
Symlinking /workspace/svo_ws/devel/include/ceres/internal/macros.h
Symlinking /workspace/svo_ws/devel/include/ceres/internal/config.h
Symlinking /workspace/svo_ws/devel/include/ceres/internal/autodiff.h
Symlinking /workspace/svo_ws/devel/include/ceres/internal/fixed_array.h
Symlinking /workspace/svo_ws/devel/include/ceres/internal/eigen.h
Symlinking /workspace/svo_ws/devel/include/ceres/internal/numeric_diff.h
Symlinking /workspace/svo_ws/devel/include/ceres/internal/manual_constructor.h
Symlinking /workspace/svo_ws/devel/include/ceres/internal/reenable_warnings.h
