Linked: (/workspace/svo_ws/devel/.private/ceres_catkin/include/ceres/rotation.h, /workspace/svo_ws/devel/include/ceres/rotation.h)
Linked: (/workspace/svo_ws/devel/.private/ceres_catkin/include/ceres/evaluation_callback.h, /workspace/svo_ws/devel/include/ceres/evaluation_callback.h)
Linked: (/workspace/svo_ws/devel/.private/ceres_catkin/include/ceres/version.h, /workspace/svo_ws/devel/include/ceres/version.h)
Linked: (/workspace/svo_ws/devel/.private/ceres_catkin/include/ceres/gradient_problem_solver.h, /workspace/svo_ws/devel/include/ceres/gradient_problem_solver.h)
Linked: (/workspace/svo_ws/devel/.private/ceres_catkin/include/ceres/c_api.h, /workspace/svo_ws/devel/include/ceres/c_api.h)
Linked: (/workspace/svo_ws/devel/.private/ceres_catkin/include/ceres/cost_function_to_functor.h, /workspace/svo_ws/devel/include/ceres/cost_function_to_functor.h)
Linked: (/workspace/svo_ws/devel/.private/ceres_catkin/include/ceres/dynamic_numeric_diff_cost_function.h, /workspace/svo_ws/devel/include/ceres/dynamic_numeric_diff_cost_function.h)
Linked: (/workspace/svo_ws/devel/.private/ceres_catkin/include/ceres/ceres.h, /workspace/svo_ws/devel/include/ceres/ceres.h)
Linked: (/workspace/svo_ws/devel/.private/ceres_catkin/include/ceres/autodiff_local_parameterization.h, /workspace/svo_ws/devel/include/ceres/autodiff_local_parameterization.h)
Linked: (/workspace/svo_ws/devel/.private/ceres_catkin/include/ceres/numeric_diff_options.h, /workspace/svo_ws/devel/include/ceres/numeric_diff_options.h)
Linked: (/workspace/svo_ws/devel/.private/ceres_catkin/include/ceres/numeric_diff_cost_function.h, /workspace/svo_ws/devel/include/ceres/numeric_diff_cost_function.h)
Linked: (/workspace/svo_ws/devel/.private/ceres_catkin/include/ceres/local_parameterization.h, /workspace/svo_ws/devel/include/ceres/local_parameterization.h)
Linked: (/workspace/svo_ws/devel/.private/ceres_catkin/include/ceres/tiny_solver_autodiff_function.h, /workspace/svo_ws/devel/include/ceres/tiny_solver_autodiff_function.h)
Linked: (/workspace/svo_ws/devel/.private/ceres_catkin/include/ceres/fpclassify.h, /workspace/svo_ws/devel/include/ceres/fpclassify.h)
Linked: (/workspace/svo_ws/devel/.private/ceres_catkin/include/ceres/cost_function.h, /workspace/svo_ws/devel/include/ceres/cost_function.h)
Linked: (/workspace/svo_ws/devel/.private/ceres_catkin/include/ceres/dynamic_cost_function_to_functor.h, /workspace/svo_ws/devel/include/ceres/dynamic_cost_function_to_functor.h)
Linked: (/workspace/svo_ws/devel/.private/ceres_catkin/include/ceres/covariance.h, /workspace/svo_ws/devel/include/ceres/covariance.h)
Linked: (/workspace/svo_ws/devel/.private/ceres_catkin/include/ceres/autodiff_cost_function.h, /workspace/svo_ws/devel/include/ceres/autodiff_cost_function.h)
Linked: (/workspace/svo_ws/devel/.private/ceres_catkin/include/ceres/loss_function.h, /workspace/svo_ws/devel/include/ceres/loss_function.h)
Linked: (/workspace/svo_ws/devel/.private/ceres_catkin/include/ceres/iteration_callback.h, /workspace/svo_ws/devel/include/ceres/iteration_callback.h)
Linked: (/workspace/svo_ws/devel/.private/ceres_catkin/include/ceres/cubic_interpolation.h, /workspace/svo_ws/devel/include/ceres/cubic_interpolation.h)
Linked: (/workspace/svo_ws/devel/.private/ceres_catkin/include/ceres/ordered_groups.h, /workspace/svo_ws/devel/include/ceres/ordered_groups.h)
Linked: (/workspace/svo_ws/devel/.private/ceres_catkin/include/ceres/gradient_problem.h, /workspace/svo_ws/devel/include/ceres/gradient_problem.h)
Linked: (/workspace/svo_ws/devel/.private/ceres_catkin/include/ceres/context.h, /workspace/svo_ws/devel/include/ceres/context.h)
Linked: (/workspace/svo_ws/devel/.private/ceres_catkin/include/ceres/types.h, /workspace/svo_ws/devel/include/ceres/types.h)
Linked: (/workspace/svo_ws/devel/.private/ceres_catkin/include/ceres/conditioned_cost_function.h, /workspace/svo_ws/devel/include/ceres/conditioned_cost_function.h)
Linked: (/workspace/svo_ws/devel/.private/ceres_catkin/include/ceres/jet.h, /workspace/svo_ws/devel/include/ceres/jet.h)
Linked: (/workspace/svo_ws/devel/.private/ceres_catkin/include/ceres/dynamic_autodiff_cost_function.h, /workspace/svo_ws/devel/include/ceres/dynamic_autodiff_cost_function.h)
Linked: (/workspace/svo_ws/devel/.private/ceres_catkin/include/ceres/tiny_solver_cost_function_adapter.h, /workspace/svo_ws/devel/include/ceres/tiny_solver_cost_function_adapter.h)
Linked: (/workspace/svo_ws/devel/.private/ceres_catkin/include/ceres/crs_matrix.h, /workspace/svo_ws/devel/include/ceres/crs_matrix.h)
Linked: (/workspace/svo_ws/devel/.private/ceres_catkin/include/ceres/dynamic_cost_function.h, /workspace/svo_ws/devel/include/ceres/dynamic_cost_function.h)
Linked: (/workspace/svo_ws/devel/.private/ceres_catkin/include/ceres/gradient_checker.h, /workspace/svo_ws/devel/include/ceres/gradient_checker.h)
Linked: (/workspace/svo_ws/devel/.private/ceres_catkin/include/ceres/tiny_solver.h, /workspace/svo_ws/devel/include/ceres/tiny_solver.h)
Linked: (/workspace/svo_ws/devel/.private/ceres_catkin/include/ceres/problem.h, /workspace/svo_ws/devel/include/ceres/problem.h)
Linked: (/workspace/svo_ws/devel/.private/ceres_catkin/include/ceres/sized_cost_function.h, /workspace/svo_ws/devel/include/ceres/sized_cost_function.h)
Linked: (/workspace/svo_ws/devel/.private/ceres_catkin/include/ceres/solver.h, /workspace/svo_ws/devel/include/ceres/solver.h)
Linked: (/workspace/svo_ws/devel/.private/ceres_catkin/include/ceres/normal_prior.h, /workspace/svo_ws/devel/include/ceres/normal_prior.h)
Linked: (/workspace/svo_ws/devel/.private/ceres_catkin/include/ceres/internal/scoped_ptr.h, /workspace/svo_ws/devel/include/ceres/internal/scoped_ptr.h)
Linked: (/workspace/svo_ws/devel/.private/ceres_catkin/include/ceres/internal/port.h, /workspace/svo_ws/devel/include/ceres/internal/port.h)
Linked: (/workspace/svo_ws/devel/.private/ceres_catkin/include/ceres/internal/manual_constructor.h, /workspace/svo_ws/devel/include/ceres/internal/manual_constructor.h)
Linked: (/workspace/svo_ws/devel/.private/ceres_catkin/include/ceres/internal/fixed_array.h, /workspace/svo_ws/devel/include/ceres/internal/fixed_array.h)
Linked: (/workspace/svo_ws/devel/.private/ceres_catkin/include/ceres/internal/reenable_warnings.h, /workspace/svo_ws/devel/include/ceres/internal/reenable_warnings.h)
Linked: (/workspace/svo_ws/devel/.private/ceres_catkin/include/ceres/internal/numeric_diff.h, /workspace/svo_ws/devel/include/ceres/internal/numeric_diff.h)
Linked: (/workspace/svo_ws/devel/.private/ceres_catkin/include/ceres/internal/macros.h, /workspace/svo_ws/devel/include/ceres/internal/macros.h)
Linked: (/workspace/svo_ws/devel/.private/ceres_catkin/include/ceres/internal/disable_warnings.h, /workspace/svo_ws/devel/include/ceres/internal/disable_warnings.h)
Linked: (/workspace/svo_ws/devel/.private/ceres_catkin/include/ceres/internal/config.h, /workspace/svo_ws/devel/include/ceres/internal/config.h)
Linked: (/workspace/svo_ws/devel/.private/ceres_catkin/include/ceres/internal/autodiff.h, /workspace/svo_ws/devel/include/ceres/internal/autodiff.h)
Linked: (/workspace/svo_ws/devel/.private/ceres_catkin/include/ceres/internal/variadic_evaluate.h, /workspace/svo_ws/devel/include/ceres/internal/variadic_evaluate.h)
Linked: (/workspace/svo_ws/devel/.private/ceres_catkin/include/ceres/internal/eigen.h, /workspace/svo_ws/devel/include/ceres/internal/eigen.h)
Linked: (/workspace/svo_ws/devel/.private/ceres_catkin/lib/libceres.so, /workspace/svo_ws/devel/lib/libceres.so)
Linked: (/workspace/svo_ws/devel/.private/ceres_catkin/lib/libceres.so.1, /workspace/svo_ws/devel/lib/libceres.so.1)
Linked: (/workspace/svo_ws/devel/.private/ceres_catkin/lib/libceres.so.1.14.0, /workspace/svo_ws/devel/lib/libceres.so.1.14.0)
Linked: (/workspace/svo_ws/devel/.private/ceres_catkin/lib/cmake/Ceres/FindGlog.cmake, /workspace/svo_ws/devel/lib/cmake/Ceres/FindGlog.cmake)
Linked: (/workspace/svo_ws/devel/.private/ceres_catkin/lib/cmake/Ceres/CeresConfig.cmake, /workspace/svo_ws/devel/lib/cmake/Ceres/CeresConfig.cmake)
Linked: (/workspace/svo_ws/devel/.private/ceres_catkin/lib/cmake/Ceres/FindGflags.cmake, /workspace/svo_ws/devel/lib/cmake/Ceres/FindGflags.cmake)
Linked: (/workspace/svo_ws/devel/.private/ceres_catkin/lib/cmake/Ceres/CeresConfigVersion.cmake, /workspace/svo_ws/devel/lib/cmake/Ceres/CeresConfigVersion.cmake)
Linked: (/workspace/svo_ws/devel/.private/ceres_catkin/lib/cmake/Ceres/FindEigen.cmake, /workspace/svo_ws/devel/lib/cmake/Ceres/FindEigen.cmake)
Linked: (/workspace/svo_ws/devel/.private/ceres_catkin/lib/cmake/Ceres/CeresTargets-release.cmake, /workspace/svo_ws/devel/lib/cmake/Ceres/CeresTargets-release.cmake)
Linked: (/workspace/svo_ws/devel/.private/ceres_catkin/lib/cmake/Ceres/CeresTargets.cmake, /workspace/svo_ws/devel/lib/cmake/Ceres/CeresTargets.cmake)
Linked: (/workspace/svo_ws/devel/.private/ceres_catkin/lib/pkgconfig/ceres_catkin.pc, /workspace/svo_ws/devel/lib/pkgconfig/ceres_catkin.pc)
Linked: (/workspace/svo_ws/devel/.private/ceres_catkin/share/ceres_catkin/cmake/ceres_catkinConfig-version.cmake, /workspace/svo_ws/devel/share/ceres_catkin/cmake/ceres_catkinConfig-version.cmake)
Linked: (/workspace/svo_ws/devel/.private/ceres_catkin/share/ceres_catkin/cmake/ceres_catkinConfig.cmake, /workspace/svo_ws/devel/share/ceres_catkin/cmake/ceres_catkinConfig.cmake)
