[  0%] Built target roscpp_generate_messages_nodejs
[  0%] Built target roscpp_generate_messages_eus
[  0%] Built target rosgraph_msgs_generate_messages_lisp
[  0%] Built target std_msgs_generate_messages_eus
[  0%] Built target roscpp_generate_messages_cpp
[  0%] Built target rosgraph_msgs_generate_messages_eus
[  0%] Built target rosgraph_msgs_generate_messages_py
[  0%] Built target roscpp_generate_messages_py
[  0%] Built target roscpp_generate_messages_lisp
[  0%] Built target rosgraph_msgs_generate_messages_cpp
[  0%] Built target std_msgs_generate_messages_py
[  0%] Built target rosgraph_msgs_generate_messages_nodejs
[  0%] Built target std_msgs_generate_messages_nodejs
[  0%] Built target std_msgs_generate_messages_lisp
[  0%] Built target std_msgs_generate_messages_cpp
[ 67%] Built target opengv
[ 70%] Built target random_generators
[ 75%] Built target test_relative_pose_rotationOnly
[ 89%] Built target test_point_cloud_sac
[ 89%] Built target test_noncentral_relative_pose
[ 89%] Built target test_noncentral_absolute_pose_sac
[ 89%] Built target test_point_cloud
[ 89%] Built target test_multi_noncentral_relative_pose_sac
[ 89%] Built target test_eigensolver_sac
[ 89%] Built target test_noncentral_relative_pose_sac
[ 82%] Built target test_relative_pose_rotationOnly_sac
[ 89%] Built target test_absolute_pose_sac
[ 89%] Built target test_eigensolver
[ 93%] Built target test_triangulation
[ 93%] Built target test_relative_pose_sac
[100%] Built target test_absolute_pose
[100%] Built target test_relative_pose
[100%] Built target test_noncentral_absolute_pose
