Symlinking /workspace/svo_ws/devel/share/roseus/ros/tf/manifest.l
Symlinking /workspace/svo_ws/devel/share/roseus/ros/tf/msg/tfMessage.l
Symlinking /workspace/svo_ws/devel/share/roseus/ros/tf/srv/FrameGraph.l
Symlinking /workspace/svo_ws/devel/share/common-lisp/ros/tf/msg/_package_tfMessage.lisp
Symlinking /workspace/svo_ws/devel/share/common-lisp/ros/tf/msg/_package.lisp
Symlinking /workspace/svo_ws/devel/share/common-lisp/ros/tf/msg/tfMessage.lisp
Symlinking /workspace/svo_ws/devel/share/common-lisp/ros/tf/msg/tf-msg.asd
Symlinking /workspace/svo_ws/devel/share/common-lisp/ros/tf/srv/_package.lisp
Symlinking /workspace/svo_ws/devel/share/common-lisp/ros/tf/srv/_package_FrameGraph.lisp
Symlinking /workspace/svo_ws/devel/share/common-lisp/ros/tf/srv/tf-srv.asd
Symlinking /workspace/svo_ws/devel/share/common-lisp/ros/tf/srv/FrameGraph.lisp
Symlinking /workspace/svo_ws/devel/share/tf/cmake/tfConfig.cmake
Symlinking /workspace/svo_ws/devel/share/tf/cmake/tf-msg-paths.cmake
Symlinking /workspace/svo_ws/devel/share/tf/cmake/tf-msg-extras.cmake
Symlinking /workspace/svo_ws/devel/share/tf/cmake/tfConfig-version.cmake
Symlinking /workspace/svo_ws/devel/share/gennodejs/ros/tf/_index.js
Symlinking /workspace/svo_ws/devel/share/gennodejs/ros/tf/msg/_index.js
Symlinking /workspace/svo_ws/devel/share/gennodejs/ros/tf/msg/tfMessage.js
Symlinking /workspace/svo_ws/devel/share/gennodejs/ros/tf/srv/_index.js
Symlinking /workspace/svo_ws/devel/share/gennodejs/ros/tf/srv/FrameGraph.js
Symlinking /workspace/svo_ws/devel/lib/libtf.so
Symlinking /workspace/svo_ws/devel/lib/python3/dist-packages/tf/__init__.py
Symlinking /workspace/svo_ws/devel/lib/python3/dist-packages/tf/msg/_tfMessage.py
Symlinking /workspace/svo_ws/devel/lib/python3/dist-packages/tf/msg/__init__.py
Symlinking /workspace/svo_ws/devel/lib/python3/dist-packages/tf/srv/__init__.py
Symlinking /workspace/svo_ws/devel/lib/python3/dist-packages/tf/srv/_FrameGraph.py
Symlinking /workspace/svo_ws/devel/lib/tf/transform_listener_unittest
Symlinking /workspace/svo_ws/devel/lib/tf/tf_echo
Symlinking /workspace/svo_ws/devel/lib/tf/tf_monitor
Symlinking /workspace/svo_ws/devel/lib/tf/testListener
Symlinking /workspace/svo_ws/devel/lib/tf/tf_remap
Symlinking /workspace/svo_ws/devel/lib/tf/cmake.lock
Symlinking /workspace/svo_ws/devel/lib/tf/testBroadcaster
Symlinking /workspace/svo_ws/devel/lib/tf/static_transform_publisher
Symlinking /workspace/svo_ws/devel/lib/tf/tf_empty_listener
Symlinking /workspace/svo_ws/devel/lib/tf/view_frames
Symlinking /workspace/svo_ws/devel/lib/tf/tf_change_notifier
Symlinking /workspace/svo_ws/devel/lib/tf/bullet_migration_sed.py
Symlinking /workspace/svo_ws/devel/lib/pkgconfig/tf.pc
Symlinking /workspace/svo_ws/devel/bin/tf_remap
Symlinking /workspace/svo_ws/devel/bin/view_frames
Symlinking /workspace/svo_ws/devel/include/tf/tfMessage.h
Symlinking /workspace/svo_ws/devel/include/tf/FrameGraphResponse.h
Symlinking /workspace/svo_ws/devel/include/tf/FrameGraph.h
Symlinking /workspace/svo_ws/devel/include/tf/FrameGraphRequest.h
